<?xml version="1.0" encoding="UTF-8"?>
<!-- Generated by org.testng.reporters.JUnitReportReporter -->
<testsuite hostname="vino-PC" name="com.adgistics.Test_Dowload" tests="1" failures="0" timestamp="14 May 2015 18:41:34 GMT" time="1.719" errors="0">
  <testcase name="testnew" time="1.719" classname="com.adgistics.Test_Dowload"/>
</testsuite> <!-- com.adgistics.Test_Dowload -->
