<?xml version="1.0" encoding="UTF-8"?>
<!-- Generated by org.testng.reporters.JUnitReportReporter -->
<testsuite hostname="vino-PC" name="com.adgistics.BaseClass" tests="1" failures="0" timestamp="15 May 2015 01:03:30 GMT" time="59.856" errors="0">
  <testcase name="testnew" time="59.856" classname="com.adgistics.BaseClass"/>
</testsuite> <!-- com.adgistics.BaseClass -->
